<?xml version="1.0" encoding="UTF-8"?>
<testsuite xmlns:xsi="http://www.w3.org/2001/XMLSchema-instance" xsi:noNamespaceSchemaLocation="https://maven.apache.org/surefire/maven-surefire-plugin/xsd/surefire-test-report.xsd" name="RegistrationDetailsTest" time="0.009" tests="6" errors="0" skipped="0" failures="0">
  <properties>
[...]
</properties>
  <testcase name="test_FirstName" classname="RegistrationDetailsTest" time="0"/>
  <testcase name="test_userName" classname="RegistrationDetailsTest" time="0"/>
  <testcase name="test_Object" classname="RegistrationDetailsTest" time="0"/>
  <testcase name="test_EmailId" classname="RegistrationDetailsTest" time="0"/>
  <testcase name="test_Password" classname="RegistrationDetailsTest" time="0"/>
  <testcase name="test_lastName" classname="RegistrationDetailsTest" time="0"/>
</testsuite>